11:48:00.023 [DefaultQuartzScheduler_Worker-1] AutoSplPresentmentScheduler M[execute] --> Entering
11:48:00.024 [DefaultQuartzScheduler_Worker-6] BajajReceiptProcess M[processReceiptUploadResponse] --> Entering
11:48:00.025 [DefaultQuartzScheduler_Worker-1] AutoSplPresentmentScheduler M[execute] --> Leaving
11:48:00.025 [DefaultQuartzScheduler_Worker-6] ReceiptResponseDetailDAOImpl M[saveReceiptResponseFileHeader] --> Entering
11:48:00.028 [DefaultQuartzScheduler_Worker-6] ReceiptResponseDetailDAOImpl M[saveReceiptResponseFileHeader] --> Leaving
11:48:00.031 [DefaultQuartzScheduler_Worker-6] ReceiptResponseDetailDAOImpl M[isReceiptUploadInProgress] --> Entering
11:48:00.031 [DefaultQuartzScheduler_Worker-6] ReceiptResponseDetailDAOImpl M[isReceiptUploadInProgress] --> selectSql:  SELECT count(*) FROM BATCH_JOB_EXECUTION T1  IN
NER JOIN BATCH_JOB_INSTANCE T2 ON T1.JOB_INSTANCE_ID = T2.JOB_INSTANCE_ID  WHERE T2.JOB_NAME = :jobName and T1.status not in ('COMPLETED','FAILED')  and Rownum=1 order
by T1.Job_Execution_Id desc
11:48:00.032 [DefaultQuartzScheduler_Worker-6] ReceiptResponseDetailDAOImpl M[isReceiptUploadInProgress] --> Leaving
11:48:00.034 [DefaultQuartzScheduler_Worker-6] ReceiptResponseDetailDAOImpl M[getReceiptUploadStageDetails] --> selectSql: SELECT stageId, uploadId, loginId,status from
 RECEIPTUPLOAD_STAGE  where Rownum=1 and status='P' order by stageId
11:48:00.036 [DefaultQuartzScheduler_Worker-6] BajajReceiptProcess M[processReceiptUploadResponse] --> Leaving
11:48:01.429 [DefaultQuartzScheduler_Worker-4] FinAdvancePaymentsDAOImpl M[getFinAdvancePaymentsByAutoDisbStatus] --> Leaving
11:48:01.429 [DefaultQuartzScheduler_Worker-4] FinAdvancePaymentsServiceImpl M[getFinAdvancePaymentsByAutoDisbStatus] --> Leaving
11:48:01.433 [DefaultQuartzScheduler_Worker-4] FinAdvancePaymentsDAOImpl M[getFinAdvancePaymentsById] --> Entering
11:48:01.433 [DefaultQuartzScheduler_Worker-4] FinAdvancePaymentsDAOImpl M[getFinAdvancePaymentsById] --> selectSql: Select PaymentId,FinReference, PaymentSeq,DisbSeq, PaymentDetail, AmtToBeReleased, LiabilityHoldName, BeneficiaryName,BeneficiaryAccNo, Description,  PaymentType, LlReferenceNo, LlDate, CustContribution, SellerContribution, Remarks,  BankCode, PayableLoc, PrintingLoc, ValueDate, BankBranchID, PhoneCountryCode, PhoneAreaCode, PhoneNumber, ClearingDate, Status, Active, InputDate, DisbCCy, POIssued,PartnerBankID, TransactionRef, HoldDisbursement, RealizationDate, Version , LastMntBy, LastMntOn, RecordStatus, RoleCode, NextRoleCode, TaskId, NextTaskId, RecordType, WorkflowId, RespDate, RejectReason, LINKEDTRANID From FinAdvancePayments_Temp Where PaymentId = :PaymentId
11:48:01.434 [DefaultQuartzScheduler_Worker-4] FinAdvancePaymentsDAOImpl M[getFinAdvancePaymentsById] --> Exception:
org.springframework.dao.EmptyResultDataAccessException: Incorrect result size: expected 1, actual 0
        at org.springframework.dao.support.DataAccessUtils.nullableSingleResult(DataAccessUtils.java:97) ~[spring-tx-5.2.1.RELEASE.jar:5.2.1.RELEASE]
        at org.springframework.jdbc.core.namedparam.NamedParameterJdbcTemplate.queryForObject(NamedParameterJdbcTemplate.java:237) ~[spring-jdbc-5.2.1.RELEASE.jar:5.2.1.RELEASE]
        at com.pennant.backend.dao.finance.impl.FinAdvancePaymentsDAOImpl.getFinAdvancePaymentsById(FinAdvancePaymentsDAOImpl.java:165) ~[PFSJava-3.19.0.jar:?]
        at com.pennant.backend.service.finance.impl.FinAdvancePaymentsServiceImpl.getFinAdvancePaymentsById(FinAdvancePaymentsServiceImpl.java:1634) ~[PFSJava-3.19.0.jar:?]
        at sun.reflect.NativeMethodAccessorImpl.invoke0(Native Method) ~[?:1.8.0_121]
        at sun.reflect.NativeMethodAccessorImpl.invoke(NativeMethodAccessorImpl.java:62) ~[?:1.8.0_121]
        at sun.reflect.DelegatingMethodAccessorImpl.invoke(DelegatingMethodAccessorImpl.java:43) ~[?:1.8.0_121]
        at java.lang.reflect.Method.invoke(Method.java:498) ~[?:1.8.0_121]
        at org.springframework.aop.support.AopUtils.invokeJoinpointUsingReflection(AopUtils.java:344) ~[spring-aop-5.2.1.RELEASE.jar:5.2.1.RELEASE]
        at org.springframework.aop.framework.ReflectiveMethodInvocation.invokeJoinpoint(ReflectiveMethodInvocation.java:198) ~[spring-aop-5.2.1.RELEASE.jar:5.2.1.RELEASE]
        at org.springframework.aop.framework.ReflectiveMethodInvocation.proceed(ReflectiveMethodInvocation.java:163) ~[spring-aop-5.2.1.RELEASE.jar:5.2.1.RELEASE]
        at org.springframework.aop.interceptor.ExposeInvocationInterceptor.invoke(ExposeInvocationInterceptor.java:93) ~[spring-aop-5.2.1.RELEASE.jar:5.2.1.RELEASE]
        at org.springframework.aop.framework.ReflectiveMethodInvocation.proceed(ReflectiveMethodInvocation.java:186) ~[spring-aop-5.2.1.RELEASE.jar:5.2.1.RELEASE]
        at org.springframework.aop.framework.JdkDynamicAopProxy.invoke(JdkDynamicAopProxy.java:212) ~[spring-aop-5.2.1.RELEASE.jar:5.2.1.RELEASE]
        at com.sun.proxy.$Proxy1537.getFinAdvancePaymentsById(Unknown Source) ~[?:?]
        at sun.reflect.NativeMethodAccessorImpl.invoke0(Native Method) ~[?:1.8.0_121]
